<?xml version="1.0" encoding="UTF-8"?>
<testsuite name="com.example.HelloControllerTest" tests="1" skipped="0" failures="0" errors="0" timestamp="2015-10-27T23:38:41" hostname="15mpb-12044" time="0.026">
  <properties/>
  <testcase name="getHello" classname="com.example.HelloControllerTest" time="0.026"/>
  <system-out><![CDATA[2015-10-27 16:38:41.235  INFO 4867 --- [    Test worker] o.s.t.c.support.AbstractContextLoader    : Could not detect default resource locations for test class [com.example.HelloControllerTest]: no resource found for suffixes {-context.xml, Context.groovy}.
2015-10-27 16:38:41.237  INFO 4867 --- [    Test worker] o.s.t.c.web.WebTestContextBootstrapper   : Loaded default TestExecutionListener class names from location [META-INF/spring.factories]: [org.springframework.test.context.web.ServletTestExecutionListener, org.springframework.test.context.support.DirtiesContextBeforeModesTestExecutionListener, org.springframework.test.context.support.DependencyInjectionTestExecutionListener, org.springframework.test.context.support.DirtiesContextTestExecutionListener, org.springframework.test.context.transaction.TransactionalTestExecutionListener, org.springframework.test.context.jdbc.SqlScriptsTestExecutionListener]
2015-10-27 16:38:41.238  INFO 4867 --- [    Test worker] o.s.t.c.web.WebTestContextBootstrapper   : Could not instantiate TestExecutionListener [org.springframework.test.context.transaction.TransactionalTestExecutionListener]. Specify custom listener classes or make the default listener classes (and their required dependencies) available. Offending class: [org/springframework/transaction/interceptor/TransactionAttributeSource]
2015-10-27 16:38:41.239  INFO 4867 --- [    Test worker] o.s.t.c.web.WebTestContextBootstrapper   : Could not instantiate TestExecutionListener [org.springframework.test.context.jdbc.SqlScriptsTestExecutionListener]. Specify custom listener classes or make the default listener classes (and their required dependencies) available. Offending class: [org/springframework/transaction/interceptor/TransactionAttribute]
2015-10-27 16:38:41.239  INFO 4867 --- [    Test worker] o.s.t.c.web.WebTestContextBootstrapper   : Using TestExecutionListeners: [org.springframework.test.context.web.ServletTestExecutionListener@24522746, org.springframework.test.context.support.DirtiesContextBeforeModesTestExecutionListener@416a8333, org.springframework.test.context.support.DependencyInjectionTestExecutionListener@23e73416, org.springframework.test.context.support.DirtiesContextTestExecutionListener@7bffc92e]

  .   ____          _            __ _ _
 /\\ / ___'_ __ _ _(_)_ __  __ _ \ \ \ \
( ( )\___ | '_ | '_| | '_ \/ _` | \ \ \ \
 \\/  ___)| |_)| | | | | || (_| |  ) ) ) )
  '  |____| .__|_| |_|_| |_\__, | / / / /
 =========|_|==============|___/=/_/_/_/
 :: Spring Boot ::  (v1.3.0.BUILD-SNAPSHOT)

2015-10-27 16:38:41.286  INFO 4867 --- [    Test worker] com.example.HelloControllerTest          : Starting HelloControllerTest on 15mpb-12044 with PID 4867 (/Users/qiz/Project/workspace/SimpleSpringBoot/build/classes/test started by qiz in /Users/qiz/Project/workspace/SimpleSpringBoot)
2015-10-27 16:38:41.286  INFO 4867 --- [    Test worker] com.example.HelloControllerTest          : No profiles are active
2015-10-27 16:38:41.287  INFO 4867 --- [    Test worker] o.s.w.c.s.GenericWebApplicationContext   : Refreshing org.springframework.web.context.support.GenericWebApplicationContext@1582217e: startup date [Tue Oct 27 16:38:41 PDT 2015]; root of context hierarchy
2015-10-27 16:38:41.295  INFO 4867 --- [    Test worker] com.example.HelloControllerTest          : Started HelloControllerTest in 0.049 seconds (JVM running for 3.555)
2015-10-27 16:38:41.308  INFO 4867 --- [    Test worker] ilder$StaticRequestMappingHandlerMapping : Mapped "{[/]}" onto public java.lang.String com.example.HelloController.home()
2015-10-27 16:38:41.315  INFO 4867 --- [    Test worker] s.w.s.m.m.a.RequestMappingHandlerAdapter : Looking for @ControllerAdvice: org.springframework.test.web.servlet.setup.StubWebApplicationContext@e6a3ef7
2015-10-27 16:38:41.318  INFO 4867 --- [    Test worker] o.s.mock.web.MockServletContext          : Initializing Spring FrameworkServlet ''
2015-10-27 16:38:41.319  INFO 4867 --- [    Test worker] o.s.t.web.servlet.TestDispatcherServlet  : FrameworkServlet '': initialization started
2015-10-27 16:38:41.319  INFO 4867 --- [    Test worker] o.s.t.web.servlet.TestDispatcherServlet  : FrameworkServlet '': initialization completed in 0 ms
]]></system-out>
  <system-err><![CDATA[]]></system-err>
</testsuite>
